Removed Pin From Net: NetName=NetC1_1 Pin=C1-1
Removed Pin From Net: NetName=NetC1_1 Pin=C2-1
Removed Pin From Net: NetName=NetC1_1 Pin=C3-1
Removed Pin From Net: NetName=NetC1_1 Pin=C6-1
Removed Pin From Net: NetName=NetC1_1 Pin=C7-1
Removed Pin From Net: NetName=NetC1_1 Pin=C8-1
Removed Pin From Net: NetName=NetC1_1 Pin=C9-1
Removed Pin From Net: NetName=NetC1_1 Pin=C14-1
Removed Pin From Net: NetName=NetC1_1 Pin=C15-1
Removed Pin From Net: NetName=NetC1_1 Pin=C16-1
Removed Pin From Net: NetName=NetC1_1 Pin=C17-1
Removed Pin From Net: NetName=NetC1_1 Pin=D1-1
Removed Pin From Net: NetName=NetC1_1 Pin=D3-1
Removed Pin From Net: NetName=NetC1_1 Pin=D4-1
Removed Pin From Net: NetName=NetC1_1 Pin=D5-1
Removed Pin From Net: NetName=NetC1_1 Pin=D6-1
Removed Pin From Net: NetName=NetC1_1 Pin=D7-1
Removed Pin From Net: NetName=NetC1_1 Pin=D8-1
Removed Pin From Net: NetName=NetC1_1 Pin=J1-1
Removed Pin From Net: NetName=NetC1_1 Pin=J1-23
Removed Pin From Net: NetName=NetC1_1 Pin=J2-2
Removed Pin From Net: NetName=NetC1_1 Pin=J2-24
Removed Pin From Net: NetName=NetC1_1 Pin=R9-1
Removed Pin From Net: NetName=NetC1_1 Pin=R11-1
Removed Pin From Net: NetName=NetC1_1 Pin=R12-1
Removed Pin From Net: NetName=NetC1_1 Pin=R13-1
Removed Pin From Net: NetName=NetC1_1 Pin=R14-1
Removed Pin From Net: NetName=NetC1_1 Pin=R15-1
Removed Pin From Net: NetName=NetC1_1 Pin=SW1-3
Removed Pin From Net: NetName=NetC1_1 Pin=SW1-4
Removed Pin From Net: NetName=NetC1_1 Pin=SW2-3
Removed Pin From Net: NetName=NetC1_1 Pin=SW2-4
Removed Pin From Net: NetName=NetC1_1 Pin=U1-42
Removed Pin From Net: NetName=NetC1_1 Pin=U1-43
Removed Pin From Net: NetName=NetC1_1 Pin=U2-3
Removed Pin From Net: NetName=NetC1_1 Pin=U2-13
Removed Pin From Net: NetName=NetC1_1 Pin=U2-21
Added Pin To Net: NetName=GND Pin=C1-1
Added Pin To Net: NetName=GND Pin=C2-1
Added Pin To Net: NetName=GND Pin=C3-1
Added Pin To Net: NetName=GND Pin=C6-1
Added Pin To Net: NetName=GND Pin=C7-1
Added Pin To Net: NetName=GND Pin=C8-1
Added Pin To Net: NetName=GND Pin=C9-1
Added Pin To Net: NetName=GND Pin=C14-1
Added Pin To Net: NetName=GND Pin=C15-1
Added Pin To Net: NetName=GND Pin=C16-1
Added Pin To Net: NetName=GND Pin=C17-1
Added Pin To Net: NetName=GND Pin=D1-1
Added Pin To Net: NetName=GND Pin=D3-1
Added Pin To Net: NetName=GND Pin=D4-1
Added Pin To Net: NetName=GND Pin=D5-1
Added Pin To Net: NetName=GND Pin=D6-1
Added Pin To Net: NetName=GND Pin=D7-1
Added Pin To Net: NetName=GND Pin=D8-1
Added Pin To Net: NetName=GND Pin=J1-1
Added Pin To Net: NetName=GND Pin=J1-23
Added Pin To Net: NetName=GND Pin=J2-2
Added Pin To Net: NetName=GND Pin=J2-24
Added Pin To Net: NetName=GND Pin=J3-A1B12
Added Pin To Net: NetName=+5V_VBUS1 Pin=J3-A4B9
Added Pin To Net: NetName=GND Pin=J3-B1A12
Added Pin To Net: NetName=+5V_VBUS1 Pin=J3-B4A9
Added Pin To Net: NetName=GND Pin=J3-S1
Added Pin To Net: NetName=GND Pin=J3-S2
Added Pin To Net: NetName=GND Pin=J3-S3
Added Pin To Net: NetName=GND Pin=J3-S4
Added Pin To Net: NetName=GND Pin=J4-A1B12
Added Pin To Net: NetName=+5V_VBUS2 Pin=J4-A4B9
Added Pin To Net: NetName=GND Pin=J4-B1A12
Added Pin To Net: NetName=+5V_VBUS2 Pin=J4-B4A9
Added Pin To Net: NetName=GND Pin=J4-S1
Added Pin To Net: NetName=GND Pin=J4-S2
Added Pin To Net: NetName=GND Pin=J4-S3
Added Pin To Net: NetName=GND Pin=J4-S4
Added Pin To Net: NetName=GND Pin=R9-1
Added Pin To Net: NetName=GND Pin=R11-1
Added Pin To Net: NetName=GND Pin=R12-1
Added Pin To Net: NetName=GND Pin=R13-1
Added Pin To Net: NetName=GND Pin=R14-1
Added Pin To Net: NetName=GND Pin=R15-1
Added Pin To Net: NetName=GND Pin=SW1-3
Added Pin To Net: NetName=GND Pin=SW1-4
Added Pin To Net: NetName=GND Pin=SW2-3
Added Pin To Net: NetName=GND Pin=SW2-4
Added Pin To Net: NetName=GND Pin=U1-42
Added Pin To Net: NetName=GND Pin=U1-43
Added Pin To Net: NetName=GND Pin=U2-3
Added Pin To Net: NetName=GND Pin=U2-13
Added Pin To Net: NetName=GND Pin=U2-21
Change Net Name : Old Net Name=NetC1_1 New Net Name=NetC4_1
Added Rule: Name=Schematic Supply Nets_7
